<?xml version="1.0" encoding="UTF-8"?>
<!-- Generated by org.testng.reporters.JUnitReportReporter -->
<testsuite hostname="DESKTOP-OUTIRFL" failures="0" tests="1" name="Academy.validateNavigationBar" time="0.143" errors="0" timestamp="2021-08-19T23:23:05 IST" skipped="0">
  <testcase classname="Academy.validateNavigationBar" name="validateAppNavBar" time="0.143"/>
  <system-out/>
</testsuite> <!-- Academy.validateNavigationBar -->
