<?xml version="1.0" encoding="UTF-8"?>
<!-- Generated by org.testng.reporters.JUnitReportReporter -->
<testsuite hostname="DESKTOP-OUTIRFL" failures="0" tests="2" name="Academy.HomePage" time="11.356" errors="0" timestamp="2021-08-19T23:23:05 IST" skipped="0">
  <testcase classname="Academy.HomePage" name="basePageNavigation" time="8.121"/>
  <system-out/>
  <testcase classname="Academy.HomePage" name="basePageNavigation" time="3.235"/>
  <system-out/>
</testsuite> <!-- Academy.HomePage -->
